{"name": "test_login[2072583546-np123456-True]", "status": "failed", "statusDetails": {"message": "AssertionError: 未找到用户名输入框，请检查页面结构和xpath", "trace": "self = <pageobjects.login_page.LoginPage object at 0x0000020355BF4D70>, username = '2072583546'\n\n    def input_username(self, username):\n        \"\"\"输入用户名\"\"\"\n        try:\n>           username_input = WebDriverWait(self.driver, 20).until(\n                lambda d: d.find_element(\n                    AppiumBy.ANDROID_UIAUTOMATOR,\n                    'new UiSelector().className(\"android.widget.EditText\").instance(0)'\n                )\n            )\n\npageobjects\\login_page.py:13: \n_ _ _ _ _ _ _ _ _ _ _ _ _ _ _ _ _ _ _ _ _ _ _ _ _ _ _ _ _ _ _ _ _ _ _ _ _ _ _ _ _ _ _ _ _ _ _ _ _ _ _ _ _ _ _ _ _ _ _ _ _ _ _ _ _ _ _ \n\nself = <selenium.webdriver.support.wait.WebDriverWait (session=\"d354b0c2-365f-4429-9c6a-d65f3eaf16c9\")>\nmethod = <function LoginPage.input_username.<locals>.<lambda> at 0x0000020355CC8C20>, message = ''\n\n    def until(self, method: Callable[[D], Union[Literal[False], T]], message: str = \"\") -> T:\n        \"\"\"Wait until the method returns a value that is not False.\n    \n        Calls the method provided with the driver as an argument until the\n        return value does not evaluate to ``False``.\n    \n        Parameters:\n        -----------\n        method: callable(WebDriver)\n            - A callable object that takes a WebDriver instance as an argument.\n    \n        message: str\n            - Optional message for :exc:`TimeoutException`\n    \n        Return:\n        -------\n        object: T\n            - The result of the last call to `method`\n    \n        Raises:\n        -------\n        TimeoutException\n            - If 'method' does not return a truthy value within the WebDriverWait\n            object's timeout\n    \n        Example:\n        --------\n        >>> from selenium.webdriver.common.by import By\n        >>> from selenium.webdriver.support.ui import WebDriverWait\n        >>> from selenium.webdriver.support import expected_conditions as EC\n    \n        # Wait until an element is visible on the page\n        >>> wait = WebDriverWait(driver, 10)\n        >>> element = wait.until(EC.visibility_of_element_located((By.ID, \"exampleId\")))\n        >>> print(element.text)\n        \"\"\"\n        screen = None\n        stacktrace = None\n    \n        end_time = time.monotonic() + self._timeout\n        while True:\n            try:\n                value = method(self._driver)\n                if value:\n                    return value\n            except self._ignored_exceptions as exc:\n                screen = getattr(exc, \"screen\", None)\n                stacktrace = getattr(exc, \"stacktrace\", None)\n            if time.monotonic() > end_time:\n                break\n            time.sleep(self._poll)\n>       raise TimeoutException(message, screen, stacktrace)\nE       selenium.common.exceptions.TimeoutException: Message: \nE       Stacktrace:\nE       NoSuchElementError: An element could not be located on the page using the given search parameters.\nE           at AndroidUiautomator2Driver.findElOrEls (C:\\Users\\lv\\.appium\\node_modules\\appium-uiautomator2-driver\\node_modules\\appium-android-driver\\lib\\commands\\find.ts:86:11)\nE           at processTicksAndRejections (node:internal/process/task_queues:105:5)\nE           at AndroidUiautomator2Driver.findElOrElsWithProcessing (C:\\Users\\lv\\AppData\\Roaming\\npm\\node_modules\\appium\\node_modules\\@appium\\base-driver\\lib\\basedriver\\commands\\find.ts:60:12)\nE           at AndroidUiautomator2Driver.findElement (C:\\Users\\lv\\AppData\\Roaming\\npm\\node_modules\\appium\\node_modules\\@appium\\base-driver\\lib\\basedriver\\commands\\find.ts:75:12)\n\n..\\.venv\\Lib\\site-packages\\selenium\\webdriver\\support\\wait.py:146: TimeoutException\n\nDuring handling of the above exception, another exception occurred:\n\nself = <flutter_app_test.testcases.test_login.TestLogin object at 0x0000020355B6ED50>, username = '2072583546', password = 'np123456'\nexpected = True\n\n    @pytest.mark.parametrize(\"username,password,expected\", [\n        (\"2072583546\", \"np123456\", True),\n        # (\"invalid_user\", \"invalid_pass\", False),\n    ])\n    def test_login(self, username, password, expected):\n        login_page = LoginPage(self.driver)\n>       login_page.login(username, password)\n\ntestcases\\test_login.py:46: \n_ _ _ _ _ _ _ _ _ _ _ _ _ _ _ _ _ _ _ _ _ _ _ _ _ _ _ _ _ _ _ _ _ _ _ _ _ _ _ _ _ _ _ _ _ _ _ _ _ _ _ _ _ _ _ _ _ _ _ _ _ _ _ _ _ _ _ \npageobjects\\login_page.py:66: in login\n    self.input_username(username)\n_ _ _ _ _ _ _ _ _ _ _ _ _ _ _ _ _ _ _ _ _ _ _ _ _ _ _ _ _ _ _ _ _ _ _ _ _ _ _ _ _ _ _ _ _ _ _ _ _ _ _ _ _ _ _ _ _ _ _ _ _ _ _ _ _ _ _ \n\nself = <pageobjects.login_page.LoginPage object at 0x0000020355BF4D70>, username = '2072583546'\n\n    def input_username(self, username):\n        \"\"\"输入用户名\"\"\"\n        try:\n            username_input = WebDriverWait(self.driver, 20).until(\n                lambda d: d.find_element(\n                    AppiumBy.ANDROID_UIAUTOMATOR,\n                    'new UiSelector().className(\"android.widget.EditText\").instance(0)'\n                )\n            )\n            username_input.click()\n            username_input.clear()\n            username_input.send_keys(username)\n        except TimeoutException:\n            self.driver.save_screenshot(\"debug_login_page.png\")\n>           raise AssertionError(\"未找到用户名输入框，请检查页面结构和xpath\")\nE           AssertionError: 未找到用户名输入框，请检查页面结构和xpath\n\npageobjects\\login_page.py:24: AssertionError"}, "parameters": [{"name": "username", "value": "'2072583546'"}, {"name": "password", "value": "'np123456'"}, {"name": "expected", "value": "True"}], "start": 1748513292050, "stop": 1748513315317, "uuid": "e69b6fa4-35f1-4cd4-9579-ce4d9840c64c", "historyId": "cb29e78f39d4e5d3782070b664c1f744", "testCaseId": "93a39feb8eb701231e6c069b76eeac98", "fullName": "testcases.test_login.TestLogin#test_login", "labels": [{"name": "feature", "value": "登录功能"}, {"name": "parentSuite", "value": "testcases"}, {"name": "suite", "value": "test_login"}, {"name": "subSuite", "value": "TestLogin"}, {"name": "host", "value": "DESKTOP-QVK4EQ1"}, {"name": "thread", "value": "30968-MainThread"}, {"name": "framework", "value": "pytest"}, {"name": "language", "value": "cpython3"}, {"name": "package", "value": "testcases.test_login"}]}